<?xml version="1.0" encoding="utf-8"?>
<!DOCTYPE hibernate-configuration PUBLIC
	"-//Hibernate/Hibernate Configuration DTD 3.0//EN"
	"http://hibernate.sourceforge.net/hibernate-configuration-3.0.dtd">

<hibernate-configuration>
	<session-factory>
		<mapping resource="FacilityDataFormQuestion.hbm.xml"/>
		<mapping resource="FacilityDataFormSchema.hbm.xml"/>
		<mapping resource="FacilityDataFormSection.hbm.xml"/>
		<mapping resource="FacilityDataQuestion.hbm.xml"/>
		<mapping resource="FacilityDataValue.hbm.xml"/>
	</session-factory>
</hibernate-configuration>

